<?xml version="1.0" encoding="UTF-8"?>
<!-- Generated by org.testng.reporters.JUnitXMLReporter -->
<testsuite ignored="0" hostname="DESKTOP-4S09AHN" failures="1" tests="1" name="chromeTest" time="46.837" errors="0" timestamp="2026-06-20T09:30:12 IST">
  <testcase classname="b_Amazon_testclass.verify_AddtoCart_Product_testclass3" name="verify_product_details" time="41.661">
    <failure type="com.microsoft.playwright.TimeoutError" message="Error {
  message=&amp;apos;Timeout 30000ms exceeded.
  name=&amp;apos;TimeoutError
  stack=&amp;apos;TimeoutError: Timeout 30000ms exceeded.
    at ProgressController.run (C:\Users\SHREE\AppData\Local\Temp\playwright-java-3327328153170001069\package\lib\server\progress.js:92:28)
    at FrameDispatcher._runCommand (C:\Users\SHREE\AppData\Local\Temp\playwright-java-3327328153170001069\package\lib\server\dispatchers\dispatcher.js:91:31)
    at DispatcherConnection.dispatch (C:\Users\SHREE\AppData\Local\Temp\playwright-java-3327328153170001069\package\lib\server\dispatchers\dispatcher.js:325:39)
}
Call log:
-   - waiting for locator(&amp;quot;//input[@id=&amp;apos;twotabsearchtextbox&amp;apos;]&amp;quot;) to be visible
-     - waiting for&amp;quot; https://www.amazon.in/ap/signin&amp;quot; navigation to finish...
-     - navigated to &amp;quot;https://www.amazon.in/ap/cvf/transactionapproval?arb=3a5b54a3-23f2-47f6-8a37-b71d37c1a22a&amp;amp;openid.assoc_handle=inflex&amp;amp;pageId=inflex&amp;amp;openid.return_to=https%3A%2F%2Fwww.amazon.in%2Fap%2Fsignin%3Fie%3DUT…&amp;quot;
">
      <![CDATA[com.microsoft.playwright.TimeoutError: Error {
  message='Timeout 30000ms exceeded.
  name='TimeoutError
  stack='TimeoutError: Timeout 30000ms exceeded.
    at ProgressController.run (C:\Users\SHREE\AppData\Local\Temp\playwright-java-3327328153170001069\package\lib\server\progress.js:92:28)
    at FrameDispatcher._runCommand (C:\Users\SHREE\AppData\Local\Temp\playwright-java-3327328153170001069\package\lib\server\dispatchers\dispatcher.js:91:31)
    at DispatcherConnection.dispatch (C:\Users\SHREE\AppData\Local\Temp\playwright-java-3327328153170001069\package\lib\server\dispatchers\dispatcher.js:325:39)
}
Call log:
-   - waiting for locator("//input[@id='twotabsearchtextbox']") to be visible
-     - waiting for" https://www.amazon.in/ap/signin" navigation to finish...
-     - navigated to "https://www.amazon.in/ap/cvf/transactionapproval?arb=3a5b54a3-23f2-47f6-8a37-b71d37c1a22a&openid.assoc_handle=inflex&pageId=inflex&openid.return_to=https%3A%2F%2Fwww.amazon.in%2Fap%2Fsignin%3Fie%3DUT…"

at com.microsoft.playwright.impl.WaitableResult.get(WaitableResult.java:52)
at com.microsoft.playwright.impl.ChannelOwner.runUntil(ChannelOwner.java:138)
at com.microsoft.playwright.impl.Connection.sendMessage(Connection.java:131)
at com.microsoft.playwright.impl.ChannelOwner.sendMessage(ChannelOwner.java:124)
at com.microsoft.playwright.impl.FrameImpl.waitForSelectorImpl(FrameImpl.java:998)
at com.microsoft.playwright.impl.LocatorImpl.waitFor(LocatorImpl.java:654)
at com.microsoft.playwright.Locator.waitFor(Locator.java:5521)
at a_Amazon_pomclass.AccountHomePage_pomclass.login(AccountHomePage_pomclass.java:25)
at b_Amazon_testclass.verify_AddtoCart_Product_testclass3.verify_product_details(verify_AddtoCart_Product_testclass3.java:33)
at java.base/java.util.ArrayList.forEach(ArrayList.java:1612)
Caused by: com.microsoft.playwright.TimeoutError: Error {
  message='Timeout 30000ms exceeded.
  name='TimeoutError
  stack='TimeoutError: Timeout 30000ms exceeded.
    at ProgressController.run (C:\Users\SHREE\AppData\Local\Temp\playwright-java-3327328153170001069\package\lib\server\progress.js:92:28)
    at FrameDispatcher._runCommand (C:\Users\SHREE\AppData\Local\Temp\playwright-java-3327328153170001069\package\lib\server\dispatchers\dispatcher.js:91:31)
    at DispatcherConnection.dispatch (C:\Users\SHREE\AppData\Local\Temp\playwright-java-3327328153170001069\package\lib\server\dispatchers\dispatcher.js:325:39)
}
Call log:
-   - waiting for locator("//input[@id='twotabsearchtextbox']") to be visible
-     - waiting for" https://www.amazon.in/ap/signin" navigation to finish...
-     - navigated to "https://www.amazon.in/ap/cvf/transactionapproval?arb=3a5b54a3-23f2-47f6-8a37-b71d37c1a22a&openid.assoc_handle=inflex&pageId=inflex&openid.return_to=https%3A%2F%2Fwww.amazon.in%2Fap%2Fsignin%3Fie%3DUT…"

at com.microsoft.playwright.impl.Connection.dispatch(Connection.java:257)
at com.microsoft.playwright.impl.Connection.processOneMessage(Connection.java:214)
at com.microsoft.playwright.impl.ChannelOwner.runUntil(ChannelOwner.java:136)
... 33 more
... Removed 25 stack frames]]>
    </failure>
  </testcase> <!-- verify_product_details -->
</testsuite> <!-- chromeTest -->
