<?xml version="1.0" encoding="UTF-8"?>
<!-- Generated by org.testng.reporters.JUnitXMLReporter -->
<testsuite ignored="0" hostname="DESKTOP-4S09AHN" failures="1" tests="1" name="firefoxtest" time="75.371" errors="0" timestamp="2026-06-20T09:31:27 IST">
  <testcase classname="b_Amazon_testclass.verify_AddtoCart_Product_testclass3" name="verify_product_details" time="73.075">
    <failure type="com.microsoft.playwright.TimeoutError" message="Timeout 30000ms exceeded">
      <![CDATA[com.microsoft.playwright.TimeoutError: Timeout 30000ms exceeded
at com.microsoft.playwright.impl.WaitableTimeout.get(WaitableTimeout.java:41)
at com.microsoft.playwright.impl.WaitableRace.get(WaitableRace.java:46)
at com.microsoft.playwright.impl.ChannelOwner.runUntil(ChannelOwner.java:138)
at com.microsoft.playwright.impl.BrowserContextImpl.waitForEventWithTimeout(BrowserContextImpl.java:242)
at com.microsoft.playwright.impl.BrowserContextImpl.waitForPageImpl(BrowserContextImpl.java:254)
at com.microsoft.playwright.impl.BrowserContextImpl.lambda$waitForPage$0(BrowserContextImpl.java:247)
at com.microsoft.playwright.impl.WaitForEventLogger.get(WaitForEventLogger.java:49)
at com.microsoft.playwright.impl.ChannelOwner.withWaitLogging(ChannelOwner.java:84)
at com.microsoft.playwright.impl.BrowserContextImpl.waitForPage(BrowserContextImpl.java:247)
at com.microsoft.playwright.BrowserContext.waitForPage(BrowserContext.java:1649)
at a_Amazon_pomclass.ProductDetailsPage_pomclass.multiwindow(ProductDetailsPage_pomclass.java:39)
at b_Amazon_testclass.verify_AddtoCart_Product_testclass3.verify_product_details(verify_AddtoCart_Product_testclass3.java:38)
at java.base/java.util.ArrayList.forEach(ArrayList.java:1612)
... Removed 25 stack frames]]>
    </failure>
  </testcase> <!-- verify_product_details -->
</testsuite> <!-- firefoxtest -->
