<?xml version="1.0" encoding="UTF-8"?>
<!-- Generated by org.testng.reporters.JUnitXMLReporter -->
<testsuite ignored="0" hostname="DESKTOP-4S09AHN" failures="1" tests="1" name="Package Test" time="12.386" errors="0" timestamp="2026-06-19T17:38:22 IST">
  <testcase classname="b_Amazon_testclass.verify_product_details_testclass2" name="verify_product_details" time="12.278">
    <failure type="com.microsoft.playwright.impl.TargetClosedError" message="Error {
  message=&amp;apos;Target page, context or browser has been closed
  name=&amp;apos;TargetClosedError
  stack=&amp;apos;TargetClosedError: Target page, context or browser has been closed
    at DispatcherConnection.dispatch (C:\Users\SHREE\AppData\Local\Temp\playwright-java-4649924712478425605\package\lib\server\dispatchers\dispatcher.js:256:69)
    at transport.onmessage (C:\Users\SHREE\AppData\Local\Temp\playwright-java-4649924712478425605\package\lib\cli\driver.js:53:59)
    at Immediate._onImmediate (C:\Users\SHREE\AppData\Local\Temp\playwright-java-4649924712478425605\package\lib\server\utils\pipeTransport.js:76:16)
    at process.processImmediate (node:internal/timers:504:21)
}">
      <![CDATA[com.microsoft.playwright.impl.TargetClosedError: Error {
  message='Target page, context or browser has been closed
  name='TargetClosedError
  stack='TargetClosedError: Target page, context or browser has been closed
    at DispatcherConnection.dispatch (C:\Users\SHREE\AppData\Local\Temp\playwright-java-4649924712478425605\package\lib\server\dispatchers\dispatcher.js:256:69)
    at transport.onmessage (C:\Users\SHREE\AppData\Local\Temp\playwright-java-4649924712478425605\package\lib\cli\driver.js:53:59)
    at Immediate._onImmediate (C:\Users\SHREE\AppData\Local\Temp\playwright-java-4649924712478425605\package\lib\server\utils\pipeTransport.js:76:16)
    at process.processImmediate (node:internal/timers:504:21)
}
at com.microsoft.playwright.impl.WaitableResult.get(WaitableResult.java:54)
at com.microsoft.playwright.impl.ChannelOwner.runUntil(ChannelOwner.java:138)
at com.microsoft.playwright.impl.Connection.sendMessage(Connection.java:131)
at com.microsoft.playwright.impl.ChannelOwner.sendMessage(ChannelOwner.java:124)
at com.microsoft.playwright.impl.FrameImpl.fill(FrameImpl.java:310)
at com.microsoft.playwright.impl.LocatorImpl.fill(LocatorImpl.java:273)
at com.microsoft.playwright.Locator.fill(Locator.java:3200)
at a_Amazon_pomclass.AccountHomePage_pomclass.login(AccountHomePage_pomclass.java:24)
at b_Amazon_testclass.verify_product_details_testclass2.verify_product_details(verify_product_details_testclass2.java:36)
at java.base/java.util.ArrayList.forEach(ArrayList.java:1612)
Caused by: com.microsoft.playwright.impl.TargetClosedError: Error {
  message='Target page, context or browser has been closed
  name='TargetClosedError
  stack='TargetClosedError: Target page, context or browser has been closed
    at DispatcherConnection.dispatch (C:\Users\SHREE\AppData\Local\Temp\playwright-java-4649924712478425605\package\lib\server\dispatchers\dispatcher.js:256:69)
    at transport.onmessage (C:\Users\SHREE\AppData\Local\Temp\playwright-java-4649924712478425605\package\lib\cli\driver.js:53:59)
    at Immediate._onImmediate (C:\Users\SHREE\AppData\Local\Temp\playwright-java-4649924712478425605\package\lib\server\utils\pipeTransport.js:76:16)
    at process.processImmediate (node:internal/timers:504:21)
}
at com.microsoft.playwright.impl.Connection.dispatch(Connection.java:259)
at com.microsoft.playwright.impl.Connection.processOneMessage(Connection.java:214)
at com.microsoft.playwright.impl.ChannelOwner.runUntil(ChannelOwner.java:136)
... 33 more
... Removed 25 stack frames]]>
    </failure>
  </testcase> <!-- verify_product_details -->
</testsuite> <!-- Package Test -->
