<?xml version="1.0" encoding="UTF-8"?>
<!-- Generated by org.testng.reporters.JUnitXMLReporter -->
<testsuite ignored="1" hostname="DESKTOP-4S09AHN" failures="0" tests="25" name="All Package Tests" time="254.722" errors="0" timestamp="2026-06-17T23:23:25 IST">
  <testcase classname="playwright_project.autosuggestion" name="autossuggestion" time="9.792"/>
  <testcase classname="playwright_project.click_using_javascriptexecutor" name="click_using_javascriptexecutor1" time="9.171"/>
  <testcase classname="playwright_project.download_file_using_playwrite" name="download_file_using_playwrite1" time="10.235"/>
  <testcase classname="playwright_project.drag_drop" name="drag_drop1" time="9.653"/>
  <testcase classname="playwright_project.DynamicWait_in_playwright" name="DynamicWait_in_playwright1" time="23.284"/>
  <testcase classname="playwright_project.Error_msg" name="Error_msg1" time="3.2"/>
  <testcase classname="playwright_project.ERR_CER_DATE_INVALID_EXCEPTION" name="ERR_CER_DATE_INVALID_EXCEPTION1" time="8.799"/>
  <testcase classname="playwright_project.file_upload" name="file_upload1" time="13.396"/>
  <testcase classname="playwright_project.file_upload_without_input_tag" name="file_upload_without_input_tag1" time="10.611"/>
  <testcase classname="playwright_project.FirstPlaywrightTest" name="FirstPlaywrightTest1" time="4.22"/>
  <testcase classname="playwright_project.handle_Alert_dialog" name="handle_Alert_dialog1" time="6.498"/>
  <testcase classname="playwright_project.handle_Alert_dialog2" name="handle_Alert_dialog21" time="6.294"/>
  <testcase classname="playwright_project.handle_Alert_dialog3" name="handle_Alert_dialog23" time="9.377"/>
  <testcase classname="playwright_project.keyboard_Actions" name="keyboard_Actions1" time="20.928"/>
  <testcase classname="playwright_project.multiple_window_tab" name="multiple_window_tab1" time="5.498"/>
  <testcase classname="playwright_project.multiple_window_tab2" name="multiple_window_tab23" time="11.04"/>
  <testcase classname="playwright_project.ok" name="ok1" time="9.341"/>
  <testcase classname="playwright_project.Playwright_Handle_dropdpwn_checkbox" name="Playwright_Handle_dropdpwn_checkbox1" time="7.537"/>
  <testcase classname="playwright_project.Playwright_login_logout" name="Playwright_login_logout1" time="7.151"/>
  <testcase classname="playwright_project.screenshot" name="screenshot1" time="16.905"/>
  <testcase classname="playwright_project.setup_class" name="test1" time="4.023"/>
  <testcase classname="playwright_project.shadow_dom_handle" name="shadow_dom_handle1" time="8.903"/>
  <testcase classname="playwright_project.slider_Action" name="slider_Action1" time="5.523"/>
  <testcase classname="playwright_project.trracing_in_Playwright2" name="trracing_in_Playwright23" time="9.375"/>
  <testcase classname="playwright_project.video_recording2" name="video_recording23" time="20.188"/>
  <testcase classname="playwright_project.Iframe_handle" name="Iframe_handle1" time="0.0">
    <ignored/>
  </testcase> <!-- Iframe_handle1 -->
</testsuite> <!-- All Package Tests -->
