<?xml version="1.0" encoding="UTF-8"?>
<!-- Generated by org.testng.reporters.JUnitReportReporter -->
<testsuite hostname="DESKTOP-4S09AHN" failures="0" tests="1" name="b_Amazon_testclass.verify_product_details_testclass3" time="52.296" errors="1" timestamp="2026-06-19T17:32:32 IST" skipped="0">
  <testcase classname="b_Amazon_testclass.verify_product_details_testclass3" name="verify_product_details" time="52.296">
    <error message="Timeout 30000ms exceeded" type="com.microsoft.playwright.TimeoutError">
      <![CDATA[com.microsoft.playwright.TimeoutError: Timeout 30000ms exceeded
at com.microsoft.playwright.impl.WaitableTimeout.get(WaitableTimeout.java:41)
at com.microsoft.playwright.impl.WaitableRace.get(WaitableRace.java:46)
at com.microsoft.playwright.impl.ChannelOwner.runUntil(ChannelOwner.java:138)
at com.microsoft.playwright.impl.BrowserContextImpl.waitForEventWithTimeout(BrowserContextImpl.java:242)
at com.microsoft.playwright.impl.BrowserContextImpl.waitForPageImpl(BrowserContextImpl.java:254)
at com.microsoft.playwright.impl.BrowserContextImpl.lambda$waitForPage$0(BrowserContextImpl.java:247)
at com.microsoft.playwright.impl.WaitForEventLogger.get(WaitForEventLogger.java:49)
at com.microsoft.playwright.impl.ChannelOwner.withWaitLogging(ChannelOwner.java:84)
at com.microsoft.playwright.impl.BrowserContextImpl.waitForPage(BrowserContextImpl.java:247)
at com.microsoft.playwright.BrowserContext.waitForPage(BrowserContext.java:1649)
at a_Amazon_pomclass.ProductDetailsPage_pomclass.multiwindow(ProductDetailsPage_pomclass.java:33)
at b_Amazon_testclass.verify_product_details_testclass3.verify_product_details(verify_product_details_testclass3.java:38)
at java.base/jdk.internal.reflect.DirectMethodHandleAccessor.invoke(DirectMethodHandleAccessor.java:104)
at java.base/java.lang.reflect.Method.invoke(Method.java:565)
at org.testng.internal.invokers.MethodInvocationHelper.invokeMethod(MethodInvocationHelper.java:141)
at org.testng.internal.invokers.TestInvoker.invokeMethod(TestInvoker.java:686)
at org.testng.internal.invokers.TestInvoker.invokeTestMethod(TestInvoker.java:230)
at org.testng.internal.invokers.MethodRunner.runInSequence(MethodRunner.java:63)
at org.testng.internal.invokers.TestInvoker$MethodInvocationAgent.invoke(TestInvoker.java:992)
at org.testng.internal.invokers.TestInvoker.invokeTestMethods(TestInvoker.java:203)
at org.testng.internal.invokers.TestMethodWorker.invokeTestMethods(TestMethodWorker.java:154)
at org.testng.internal.invokers.TestMethodWorker.run(TestMethodWorker.java:134)
at java.base/java.util.ArrayList.forEach(ArrayList.java:1612)
at org.testng.TestRunner.privateRun(TestRunner.java:739)
at org.testng.TestRunner.run(TestRunner.java:614)
at org.testng.SuiteRunner.runTest(SuiteRunner.java:421)
at org.testng.SuiteRunner.runSequentially(SuiteRunner.java:413)
at org.testng.SuiteRunner.privateRun(SuiteRunner.java:373)
at org.testng.SuiteRunner.run(SuiteRunner.java:312)
at org.testng.SuiteRunnerWorker.runSuite(SuiteRunnerWorker.java:52)
at org.testng.SuiteRunnerWorker.run(SuiteRunnerWorker.java:95)
at org.testng.TestNG.runSuitesSequentially(TestNG.java:1274)
at org.testng.TestNG.runSuitesLocally(TestNG.java:1208)
at org.testng.TestNG.runSuites(TestNG.java:1112)
at org.testng.TestNG.run(TestNG.java:1079)
at org.testng.remote.AbstractRemoteTestNG.run(AbstractRemoteTestNG.java:115)
at org.testng.remote.RemoteTestNG.initAndRun(RemoteTestNG.java:293)
at org.testng.remote.RemoteTestNG.main(RemoteTestNG.java:91)
]]>
    </error>
  </testcase> <!-- verify_product_details -->
</testsuite> <!-- b_Amazon_testclass.verify_product_details_testclass3 -->
