<?xml version="1.0" encoding="UTF-8"?>
<!-- Generated by org.testng.reporters.JUnitReportReporter -->
<testsuite hostname="DESKTOP-4S09AHN" failures="0" tests="1" name="playwright_project.Playwright_Handle_dropdpwn_checkbox" time="7.537" errors="0" timestamp="2026-06-17T23:23:26 IST" skipped="0">
  <testcase classname="playwright_project.Playwright_Handle_dropdpwn_checkbox" name="Playwright_Handle_dropdpwn_checkbox1" time="7.537"/>
</testsuite> <!-- playwright_project.Playwright_Handle_dropdpwn_checkbox -->
